<?xml version="1.0" encoding="UTF-8"?><testsuite failures="6" name="cucumber.runtime.formatter.JUnitFormatter" skipped="0" tests="7" time="72.669103">
<testcase classname="StartLearning" name="User is on Unacademy Home page" time="39.59412">
<system-out><![CDATA[Given User is successfully logged into his account..........................passed
When User selects country code..............................................passed
And User enters registered phone number.....................................passed
And User click login button.................................................passed
And User should enter valid otp.............................................passed
And click on verify otp button..............................................passed
Then User should be able to login successfully..............................passed
]]></system-out>
</testcase>
<testcase classname="StartLearning" name="Successfully add courses in My goals" time="3.018804">
<failure message="java.lang.NullPointerException&#13;&#10;&#9;at java.util.Objects.requireNonNull(Objects.java:203)&#13;&#10;&#9;at org.openqa.selenium.support.ui.FluentWait.&lt;init&gt;(FluentWait.java:106)&#13;&#10;&#9;at org.openqa.selenium.support.ui.WebDriverWait.&lt;init&gt;(WebDriverWait.java:85)&#13;&#10;&#9;at org.openqa.selenium.support.ui.WebDriverWait.&lt;init&gt;(WebDriverWait.java:45)&#13;&#10;&#9;at stepDefinition.StartLearningStepDefinition.user_selects_the_courses_he_wants_to_add(StartLearningStepDefinition.java:138)&#13;&#10;&#9;at ✽.When user selects the courses he wants to add(src/test/resources/feature/StartLearning.feature:16)&#13;&#10;"><![CDATA[Given User is on start learning page........................................passed
When user selects the courses he wants to add...............................failed
Then course gets added to the My goals......................................skipped

StackTrace:
java.lang.NullPointerException
	at java.util.Objects.requireNonNull(Objects.java:203)
	at org.openqa.selenium.support.ui.FluentWait.<init>(FluentWait.java:106)
	at org.openqa.selenium.support.ui.WebDriverWait.<init>(WebDriverWait.java:85)
	at org.openqa.selenium.support.ui.WebDriverWait.<init>(WebDriverWait.java:45)
	at stepDefinition.StartLearningStepDefinition.user_selects_the_courses_he_wants_to_add(StartLearningStepDefinition.java:138)
	at ✽.When user selects the courses he wants to add(src/test/resources/feature/StartLearning.feature:16)
]]></failure>
</testcase>
<testcase classname="StartLearning" name="Display various courses for exam type" time="3.007686">
<failure message="java.lang.NullPointerException&#13;&#10;&#9;at stepDefinition.StartLearningStepDefinition.user_clicks_on_the_exam_type(StartLearningStepDefinition.java:164)&#13;&#10;&#9;at ✽.When user clicks on the exam type(src/test/resources/feature/StartLearning.feature:22)&#13;&#10;"><![CDATA[Given User is on start learning page........................................passed
When user clicks on the exam type...........................................failed
Then various courses related to exam are displayed..........................skipped

StackTrace:
java.lang.NullPointerException
	at stepDefinition.StartLearningStepDefinition.user_clicks_on_the_exam_type(StartLearningStepDefinition.java:164)
	at ✽.When user clicks on the exam type(src/test/resources/feature/StartLearning.feature:22)
]]></failure>
</testcase>
<testcase classname="StartLearning" name="Show the course description of selected course" time="3.012852">
<failure message="java.lang.NullPointerException&#13;&#10;&#9;at java.util.Objects.requireNonNull(Objects.java:203)&#13;&#10;&#9;at org.openqa.selenium.support.ui.FluentWait.&lt;init&gt;(FluentWait.java:106)&#13;&#10;&#9;at org.openqa.selenium.support.ui.WebDriverWait.&lt;init&gt;(WebDriverWait.java:85)&#13;&#10;&#9;at org.openqa.selenium.support.ui.WebDriverWait.&lt;init&gt;(WebDriverWait.java:45)&#13;&#10;&#9;at stepDefinition.StartLearningStepDefinition.user_clicks_on_the_course(StartLearningStepDefinition.java:186)&#13;&#10;&#9;at ✽.When user clicks on the course(src/test/resources/feature/StartLearning.feature:28)&#13;&#10;"><![CDATA[Given User is on start learning page........................................passed
When user clicks on the course..............................................failed
Then user is navigated to select the language...............................skipped

StackTrace:
java.lang.NullPointerException
	at java.util.Objects.requireNonNull(Objects.java:203)
	at org.openqa.selenium.support.ui.FluentWait.<init>(FluentWait.java:106)
	at org.openqa.selenium.support.ui.WebDriverWait.<init>(WebDriverWait.java:85)
	at org.openqa.selenium.support.ui.WebDriverWait.<init>(WebDriverWait.java:45)
	at stepDefinition.StartLearningStepDefinition.user_clicks_on_the_course(StartLearningStepDefinition.java:186)
	at ✽.When user clicks on the course(src/test/resources/feature/StartLearning.feature:28)
]]></failure>
</testcase>
<testcase classname="StartLearning" name="Cancel the removal of course from My goals" time="8.010766">
<failure message="java.lang.NullPointerException&#13;&#10;&#9;at org.openqa.selenium.support.pagefactory.DefaultElementLocator.findElement(DefaultElementLocator.java:69)&#13;&#10;&#9;at org.openqa.selenium.support.pagefactory.internal.LocatingElementHandler.invoke(LocatingElementHandler.java:38)&#13;&#10;&#9;at com.sun.proxy.$Proxy18.click(Unknown Source)&#13;&#10;&#9;at pageObjectModel.StartLearningPageModel.Warning(StartLearningPageModel.java:59)&#13;&#10;&#9;at stepDefinition.StartLearningStepDefinition.user_clicks_on_the_remove_sign_on_course(StartLearningStepDefinition.java:218)&#13;&#10;&#9;at ✽.When user clicks on the remove sign on course(src/test/resources/feature/StartLearning.feature:34)&#13;&#10;"><![CDATA[Given User is on start learning page........................................passed
When user clicks on the remove sign on course...............................failed
Then show the alert msg.....................................................skipped
And when user clicks on cancel button.......................................skipped
Then the course does not get removed........................................skipped

StackTrace:
java.lang.NullPointerException
	at org.openqa.selenium.support.pagefactory.DefaultElementLocator.findElement(DefaultElementLocator.java:69)
	at org.openqa.selenium.support.pagefactory.internal.LocatingElementHandler.invoke(LocatingElementHandler.java:38)
	at com.sun.proxy.$Proxy18.click(Unknown Source)
	at pageObjectModel.StartLearningPageModel.Warning(StartLearningPageModel.java:59)
	at stepDefinition.StartLearningStepDefinition.user_clicks_on_the_remove_sign_on_course(StartLearningStepDefinition.java:218)
	at ✽.When user clicks on the remove sign on course(src/test/resources/feature/StartLearning.feature:34)
]]></failure>
</testcase>
<testcase classname="StartLearning" name="Remove the course from My goals" time="8.012317">
<failure message="java.lang.NullPointerException&#13;&#10;&#9;at org.openqa.selenium.support.pagefactory.DefaultElementLocator.findElement(DefaultElementLocator.java:69)&#13;&#10;&#9;at org.openqa.selenium.support.pagefactory.internal.LocatingElementHandler.invoke(LocatingElementHandler.java:38)&#13;&#10;&#9;at com.sun.proxy.$Proxy18.click(Unknown Source)&#13;&#10;&#9;at pageObjectModel.StartLearningPageModel.Warning(StartLearningPageModel.java:59)&#13;&#10;&#9;at stepDefinition.StartLearningStepDefinition.user_clicks_on_the_remove_sign_on_course(StartLearningStepDefinition.java:218)&#13;&#10;&#9;at ✽.When user clicks on the remove sign on course(src/test/resources/feature/StartLearning.feature:42)&#13;&#10;"><![CDATA[Given User is on start learning page........................................passed
When user clicks on the remove sign on course...............................failed
Then show the alert msg.....................................................skipped
And when user clicks on remove button.......................................skipped
Then the course gets removed................................................skipped

StackTrace:
java.lang.NullPointerException
	at org.openqa.selenium.support.pagefactory.DefaultElementLocator.findElement(DefaultElementLocator.java:69)
	at org.openqa.selenium.support.pagefactory.internal.LocatingElementHandler.invoke(LocatingElementHandler.java:38)
	at com.sun.proxy.$Proxy18.click(Unknown Source)
	at pageObjectModel.StartLearningPageModel.Warning(StartLearningPageModel.java:59)
	at stepDefinition.StartLearningStepDefinition.user_clicks_on_the_remove_sign_on_course(StartLearningStepDefinition.java:218)
	at ✽.When user clicks on the remove sign on course(src/test/resources/feature/StartLearning.feature:42)
]]></failure>
</testcase>
<testcase classname="StartLearning" name="Show different subscription options" time="8.012558">
<failure message="java.lang.NullPointerException&#13;&#10;&#9;at org.openqa.selenium.support.pagefactory.DefaultElementLocator.findElement(DefaultElementLocator.java:69)&#13;&#10;&#9;at org.openqa.selenium.support.pagefactory.internal.LocatingElementHandler.invoke(LocatingElementHandler.java:38)&#13;&#10;&#9;at com.sun.proxy.$Proxy18.click(Unknown Source)&#13;&#10;&#9;at pageObjectModel.StartLearningPageModel.CourseInMygoals(StartLearningPageModel.java:51)&#13;&#10;&#9;at stepDefinition.StartLearningStepDefinition.user_clicks_on_the_course_in_mygoals(StartLearningStepDefinition.java:269)&#13;&#10;&#9;at ✽.When user clicks on the course in mygoals(src/test/resources/feature/StartLearning.feature:50)&#13;&#10;"><![CDATA[Given User is on start learning page........................................passed
When user clicks on the course in mygoals...................................failed
Then user is navigated to course description page...........................skipped
And when user clicks on get subscription....................................skipped
Then user is shown different subscription plans.............................skipped

StackTrace:
java.lang.NullPointerException
	at org.openqa.selenium.support.pagefactory.DefaultElementLocator.findElement(DefaultElementLocator.java:69)
	at org.openqa.selenium.support.pagefactory.internal.LocatingElementHandler.invoke(LocatingElementHandler.java:38)
	at com.sun.proxy.$Proxy18.click(Unknown Source)
	at pageObjectModel.StartLearningPageModel.CourseInMygoals(StartLearningPageModel.java:51)
	at stepDefinition.StartLearningStepDefinition.user_clicks_on_the_course_in_mygoals(StartLearningStepDefinition.java:269)
	at ✽.When user clicks on the course in mygoals(src/test/resources/feature/StartLearning.feature:50)
]]></failure>
</testcase>
</testsuite>
